hlcsg v3.4 VL34 64-bit (Aug 17 2015)
Zoner's Half-Life Compilation Tools -- Custom Build
Based on code modifications by Sean 'Zoner' Cavanaugh
Based on Valve's version, modified with permission.
Submit detailed bug reports to (vluzacn@163.com)
-----  BEGIN  hlcsg -----
Command line: Z:\STEAML~1\STEAMA~1\common\SVENCO~2\mapping\COMPIL~1\HLCSG_~1.EXE "Z:\SteamLibrary\steamapps\common\Sven Co-op\svencoop\maps\eqclassic" 
Arguments: "Z:\SteamLibrary\steamapps\common\Sven Co-op\svencoop\maps\eqclassic" 
Entering Z:\SteamLibrary\steamapps\common\Sven Co-op\svencoop\maps\eqclassic.map
Warning: Entity 8 (classname "monster_kingpin"): origin outside +/-4096: (-2481,4418,915)
Warning: Entity 65 (classname "monster_gargantua"): origin outside +/-4096: (-883,4615,391)

Current hlcsg Settings
Name                 |  Setting  |  Default
---------------------|-----------|-------------------------
threads               [       8 ] [  Varies ]
verbose               [     off ] [     off ]
log                   [      on ] [      on ]
reset logfile         [      on ] [      on ]
developer             [       0 ] [       0 ]
chart                 [     off ] [     off ]
estimate              [     off ] [     off ]
max texture memory    [ 33554432 ] [ 33554432 ]
max lighting memory   [ 50331648 ] [ 50331648 ]
priority              [  Normal ] [  Normal ]

noclip                [     off ] [     off ]
null texture stripping[      on ] [      on ]
clipnode economy mode [     off ] [     off ]
clip hull type        [  simple ] [  simple ]
onlyents              [     off ] [     off ]
wadtextures           [      on ] [      on ]
skyclip               [      on ] [      on ]
hullfile              [    None ] [    None ]
wad configuration file[    None ] [    None ]
wad.cfg group name    [    None ] [    None ]
nullfile              [    None ] [    None ]
nullify trigger       [      on ] [      on ]
min surface area      [   0.000 ] [   0.000 ]
brush union threshold [   0.000 ] [   0.000 ]
map scaling           [    None ] [    None ]
light name optimize   [      on ] [      on ]
convert game_text     [      on ] [      on ]

Using mapfile wad configuration
Wadinclude list :
[zhlt.wad]

CreateBrush:
 (0.05 seconds)
CSGBrush:
 (0.33 seconds)

Including Wadfile: \steamlibrary\steamapps\common\sven co-op\svencoop\zhlt.wad
 - Contains 2 used textures, 6.25 percent of map (19 textures in wad)
Using Wadfile: \steamlibrary\steamapps\common\sven co-op\svencoop\decals.wad
 - Contains 0 used textures, 0.00 percent of map (245 textures in wad)
Using Wadfile: \steamlibrary\steamapps\common\sven co-op\svencoop\halflife.wad
 - Contains 0 used textures, 0.00 percent of map (3116 textures in wad)
Using Wadfile: \steamlibrary\steamapps\common\sven co-op\svencoop\liquids.wad
 - Contains 0 used textures, 0.00 percent of map (32 textures in wad)
Using Wadfile: \steamlibrary\steamapps\common\sven co-op\svencoop\xeno.wad
 - Contains 0 used textures, 0.00 percent of map (264 textures in wad)
Using Wadfile: \sven map model 2021\sdlair.wad
 - Contains 30 used textures, 93.75 percent of map (46 textures in wad)
Using Wadfile: \steamlibrary\steamapps\common\sven co-op\svencoop\eqdungeon.wad
 - Contains 0 used textures, 0.00 percent of map (46 textures in wad)

Wad files required to run the map: "decals.wad;halflife.wad;liquids.wad;xeno.wad;sdlair.wad;eqdungeon.wad;"
Texture usage is at 0.31 mb (of 32.00 mb MAX)
0.45 seconds elapsed

-----   END   hlcsg -----



hlbsp v3.4 VL34 64-bit (Aug 17 2015)
Zoner's Half-Life Compilation Tools -- Custom Build
Based on code modifications by Sean 'Zoner' Cavanaugh
Based on Valve's version, modified with permission.
Submit detailed bug reports to (vluzacn@163.com)
-----  BEGIN  hlbsp -----
Command line: Z:\STEAML~1\STEAMA~1\common\SVENCO~2\mapping\COMPIL~1\HLBSP_~1.EXE "Z:\SteamLibrary\steamapps\common\Sven Co-op\svencoop\maps\eqclassic" 
Arguments: "Z:\SteamLibrary\steamapps\common\Sven Co-op\svencoop\maps\eqclassic" 

Current hlbsp Settings
Name               |  Setting  |  Default
-------------------|-----------|-------------------------
threads             [       8 ] [  Varies ]
verbose             [     off ] [     off ]
log                 [      on ] [      on ]
developer           [       0 ] [       0 ]
chart               [     off ] [     off ]
estimate            [     off ] [     off ]
max texture memory  [ 33554432 ] [ 33554432 ]
priority            [  Normal ] [  Normal ]

noclip              [     off ] [     off ]
nofill              [     off ] [     off ]
noinsidefill        [     off ] [     off ]
noopt               [     off ] [     off ]
no clipnode merging [     off ] [     off ]
null tex. stripping [      on ] [      on ]
notjunc             [     off ] [     off ]
nobrink             [     off ] [     off ]
subdivide size      [     240 ] [     240 ] (Min 64) (Max 512)
max node size       [    1024 ] [    1024 ] (Min 64) (Max 65536)
remove hull 2       [     off ] [     off ]


SolidBSP [hull 0] 500...1000...1500...2000...2304 (0.20 seconds)
BSP generation successful, writing portal file 'Z:\SteamLibrary\steamapps\common\Sven Co-op\svencoop\maps\eqclassic.prt'
SolidBSP [hull 1] 500...1000...1500...2000...2392 (0.20 seconds)
SolidBSP [hull 2] 500...Warning: Ambiguous leafnode content ( EMPTY and SOLID ) at (-2301,3560,496)-(-2141,3740,522) in hull 2 of model 0 (entity: classname "worldspawn", origin "", targetname "")
1000...1500...1909 (0.16 seconds)
SolidBSP [hull 3] 500...1000...1500...2000...2450 (0.22 seconds)
Reduced 3953 clipnodes to 3664
Reduced 1134 texinfos to 735
Reduced 32 texdatas to 31 (3636 bytes to 2480)
Reduced 8176 planes to 2421
FixBrinks:
Increased 3664 clipnodes to 3676.
1.33 seconds elapsed

-----   END   hlbsp -----



hlvis v3.4 VL34 64-bit (Aug 17 2015)
Zoner's Half-Life Compilation Tools -- Custom Build
Based on code modifications by Sean 'Zoner' Cavanaugh
Based on Valve's version, modified with permission.
Submit detailed bug reports to (vluzacn@163.com)
-----  BEGIN  hlvis -----
Command line: Z:\STEAML~1\STEAMA~1\common\SVENCO~2\mapping\COMPIL~1\HLVIS_~1.EXE "Z:\SteamLibrary\steamapps\common\Sven Co-op\svencoop\maps\eqclassic" 
Arguments: "Z:\SteamLibrary\steamapps\common\Sven Co-op\svencoop\maps\eqclassic" 
 557 portalleafs
1388 numportals

-= Current hlvis Settings =-
Name               |  Setting  |  Default
-------------------|-----------|-------------------------
threads             [       8 ] [  Varies ]
verbose             [     off ] [     off ]
log                 [      on ] [      on ]
developer           [       0 ] [       0 ]
chart               [     off ] [     off ]
estimate            [     off ] [     off ]
max texture memory  [ 33554432 ] [ 33554432 ]
max vis distance    [       0 ] [       0 ]
priority            [  Normal ] [  Normal ]

fast vis            [     off ] [     off ]
full vis            [     off ] [     off ]


BasePortalVis:
 (0.02 seconds)
LeafThread:
 (0.19 seconds)
average leafs visible: 44
g_visdatasize:8275  compressed from 38990
0.22 seconds elapsed

-----   END   hlvis -----



hlrad v3.4 VL34 64-bit (Aug 17 2015)
Zoner's Half-Life Compilation Tools -- Custom Build
Based on code modifications by Sean 'Zoner' Cavanaugh
Based on Valve's version, modified with permission.
Submit detailed bug reports to (vluzacn@163.com)
-----  BEGIN  hlrad -----
Command line: Z:\STEAML~1\STEAMA~1\common\SVENCO~2\mapping\COMPIL~1\HLRAD_~1.EXE "Z:\SteamLibrary\steamapps\common\Sven Co-op\svencoop\maps\eqclassic" 
Arguments: "Z:\SteamLibrary\steamapps\common\Sven Co-op\svencoop\maps\eqclassic" 

-= Current hlrad Settings =-
Name                | Setting             | Default
--------------------|---------------------|-------------------------
threads              [                 8 ] [            Varies ]
verbose              [               off ] [               off ]
log                  [                on ] [                on ]
developer            [                 0 ] [                 0 ]
chart                [               off ] [               off ]
estimate             [               off ] [               off ]
max texture memory   [          33554432 ] [          33554432 ]
max lighting memory  [          50331648 ] [          50331648 ]
priority             [            Normal ] [            Normal ]

fast rad             [               off ] [               off ]
vismatrix algorithm  [            Sparse ] [            Sparse ]
oversampling (-extra)[               off ] [               off ]
bounces              [                 8 ] [                 8 ]
ambient light        [ 0.000 0.000 0.000 ] [ 0.000 0.000 0.000 ]
light limit threshold[           188.000 ] [           188.000 ]
circus mode          [               off ] [               off ]

smoothing threshold  [            50.000 ] [            50.000 ]
smoothing threshold 2[         no change ] [         no change ]
direct threshold     [            10.000 ] [            10.000 ]
direct light scale   [             1.000 ] [             1.000 ]
coring threshold     [             0.010 ] [             0.010 ]
patch interpolation  [                on ] [                on ]

texscale             [                on ] [                on ]
patch subdividing    [                on ] [                on ]
chop value           [            64.000 ] [            64.000 ]
texchop value        [            32.000 ] [            32.000 ]

global fade          [             1.000 ] [             1.000 ]
global texlight gap  [             0.000 ] [             0.000 ]
global light scale   [ 2.000 2.000 2.000 ] [ 2.000 2.000 2.000 ]
global gamma         [ 0.550 0.550 0.550 ] [ 0.550 0.550 0.550 ]
global light scale   [             2.000 ] [             2.000 ]
global sky diffusion [             1.000 ] [             1.000 ]

spread angles        [                on ] [                on ]
opaque entities      [                on ] [                on ]
sky lighting fix     [                on ] [                on ]
incremental          [               off ] [               off ]
dump                 [               off ] [               off ]

colour jitter        [       0.0 0.0 0.0 ] [       0.0 0.0 0.0 ]
monochromatic jitter [       0.0 0.0 0.0 ] [       0.0 0.0 0.0 ]

custom shadows with bounce light
                     [               off ] [               off ]
rgb transfers        [               off ] [               off ]
minimum final light  [                 0 ] [                 0 ]
size of transfer     [         1 (16bit) ] [         1 (16bit) ]
size of rgbtransfer  [         2 (32bit) ] [         2 (32bit) ]
soft sky             [                on ] [                on ]
translucent depth    [             2.000 ] [             2.000 ]
block opaque         [                on ] [                on ]
ignore textures      [               off ] [               off ]
reflectivity gamma   [             1.760 ] [             1.760 ]
reflectivity scale   [             0.700 ] [             0.700 ]
blur size            [             1.500 ] [             1.500 ]
no emitter range     [               off ] [               off ]
wall bleeding fix    [                on ] [                on ]


Load Textures:
Using Wadfile: Z:\SteamLibrary\steamapps\common\Sven Co-op\svencoop\maps\eqclassic.wa_
31 textures referenced
Reading texlights from 'Z:\STEAML~1\STEAMA~1\common\SVENCO~2\mapping\COMPIL~1\lights.rad'
Reading texlights from info_texlights map entity
0 opaque models
0 opaque faces
2828 faces
Create Patches : 16096 base patches
301663 square feet [43439488.00 square inches]
3705 direct lights and 16386 fast direct lights
1 light styles

FindFacePositions:
 (0.84 seconds)
BuildFacelights:
 (12.72 seconds)
BuildVisLeafs:
 (0.66 seconds)
visibility matrix   :   2.6 megs
MakeScales:
 (1.58 seconds)
Transfer Lists :     5064474 :     5.06M transfers
       Indices :     2588700 :     2.47M bytes
          Data :    10169022 :     9.70M bytes
Bounce 1 GatherLight:
 (0.03 seconds)
Bounce 2 GatherLight:
 (0.03 seconds)
Bounce 3 GatherLight:
 (0.03 seconds)
Bounce 4 GatherLight:
 (0.03 seconds)
Bounce 5 GatherLight:
 (0.03 seconds)
Bounce 6 GatherLight:
 (0.03 seconds)
Bounce 7 GatherLight:
 (0.03 seconds)
Bounce 8 GatherLight:
 (0.03 seconds)
CreateTriangulations:
 (0.08 seconds)
AddPatchLights:
 (1.19 seconds)
FinalLightFace:
 (0.00 seconds)
18.61 seconds elapsed

-----   END   hlrad -----



